<?xml version="1.0" encoding="UTF-8"?>
<!-- Generated by org.testng.reporters.JUnitReportReporter -->
<testsuite skipped="1" hostname="Keshavs-MacBook-Pro.local" name="com.UccMed.testCases.TC_002_LoginDDTest" tests="1" failures="0" timestamp="18 Aug 2020 20:43:23 GMT" time="0.000" errors="0">
  <testcase name="loginDDT" time="0.000" classname="com.UccMed.testCases.TC_002_LoginDDTest">
    <skipped/>
  </testcase> <!-- loginDDT -->
</testsuite> <!-- com.UccMed.testCases.TC_002_LoginDDTest -->
