<?xml version="1.0" encoding="UTF-8"?>
<!-- Generated by org.testng.reporters.JUnitReportReporter -->
<testsuite skipped="0" hostname="Keshavs-MacBook-Pro.local" name="com.UccMed.testCases.TC_001_LoginTest" tests="1" failures="0" timestamp="18 Aug 2020 20:39:22 GMT" time="13.487" errors="0">
  <testcase name="validLoginTest" time="13.487" classname="com.UccMed.testCases.TC_001_LoginTest"/>
</testsuite> <!-- com.UccMed.testCases.TC_001_LoginTest -->
